0 info it worked if it ends with ok
1 verbose cli [ '/usr/bin/nodejs', '/usr/bin/npm', 'install' ]
2 info using npm@2.15.9
3 info using node@v4.6.0
4 verbose readDependencies loading dependencies from /home/smylydon/msc-project/package.json
5 verbose install where, deps [ '/home/smylydon/msc-project',
5 verbose install   [ 'babel-core',
5 verbose install     'babel-eslint',
5 verbose install     'babel-preset-es2015',
5 verbose install     'baconjs',
5 verbose install     'body-parser',
5 verbose install     'bower',
5 verbose install     'compression',
5 verbose install     'cookie-parser',
5 verbose install     'del',
5 verbose install     'eslint',
5 verbose install     'express',
5 verbose install     'express-handlebars',
5 verbose install     'gulp',
5 verbose install     'gulp-autoprefixer',
5 verbose install     'gulp-babel',
5 verbose install     'gulp-cache',
5 verbose install     'gulp-changed',
5 verbose install     'gulp-concat',
5 verbose install     'gulp-cssnano',
5 verbose install     'gulp-eslint',
5 verbose install     'gulp-filter',
5 verbose install     'gulp-imagemin',
5 verbose install     'gulp-load-plugins',
5 verbose install     'gulp-nodemon',
5 verbose install     'gulp-plumber',
5 verbose install     'gulp-print',
5 verbose install     'gulp-rename',
5 verbose install     'gulp-sass',
5 verbose install     'gulp-sourcemaps',
5 verbose install     'gulp-tap',
5 verbose install     'gulp-task-listing',
5 verbose install     'gulp-ttf2eot',
5 verbose install     'gulp-ttf2woff',
5 verbose install     'gulp-ttf2woff2',
5 verbose install     'gulp-uglify',
5 verbose install     'gulp-util',
5 verbose install     'helmet',
5 verbose install     'main-bower-files',
5 verbose install     'mkdirp',
5 verbose install     'redis',
5 verbose install     'serve-favicon',
5 verbose install     'socket.io',
5 verbose install     'vinyl-fs',
5 verbose install     'winston' ] ]
6 verbose install where, peers [ '/home/smylydon/msc-project', [] ]
7 verbose installManyTop reading for lifecycle /home/smylydon/msc-project/package.json
8 info preinstall msc-project@0.0.1
9 verbose installManyTop reading scoped package data from /home/smylydon/msc-project/node_modules/babel-core/package.json
10 verbose installManyTop reading scoped package data from /home/smylydon/msc-project/node_modules/babel-eslint/package.json
11 verbose installManyTop reading scoped package data from /home/smylydon/msc-project/node_modules/babel-preset-es2015/package.json
12 verbose installManyTop reading scoped package data from /home/smylydon/msc-project/node_modules/baconjs/package.json
13 verbose installManyTop reading scoped package data from /home/smylydon/msc-project/node_modules/body-parser/package.json
14 verbose installManyTop reading scoped package data from /home/smylydon/msc-project/node_modules/bower/package.json
15 verbose installManyTop reading scoped package data from /home/smylydon/msc-project/node_modules/compression/package.json
16 verbose installManyTop reading scoped package data from /home/smylydon/msc-project/node_modules/cookie-parser/package.json
17 verbose installManyTop reading scoped package data from /home/smylydon/msc-project/node_modules/del/package.json
18 verbose installManyTop reading scoped package data from /home/smylydon/msc-project/node_modules/eslint/package.json
19 verbose installManyTop reading scoped package data from /home/smylydon/msc-project/node_modules/express/package.json
20 verbose installManyTop reading scoped package data from /home/smylydon/msc-project/node_modules/express-handlebars/package.json
21 verbose installManyTop reading scoped package data from /home/smylydon/msc-project/node_modules/gulp/package.json
22 verbose installManyTop reading scoped package data from /home/smylydon/msc-project/node_modules/gulp-autoprefixer/package.json
23 verbose installManyTop reading scoped package data from /home/smylydon/msc-project/node_modules/gulp-babel/package.json
24 verbose installManyTop reading scoped package data from /home/smylydon/msc-project/node_modules/gulp-cache/package.json
25 verbose installManyTop reading scoped package data from /home/smylydon/msc-project/node_modules/gulp-changed/package.json
26 verbose installManyTop reading scoped package data from /home/smylydon/msc-project/node_modules/gulp-concat/package.json
27 verbose installManyTop reading scoped package data from /home/smylydon/msc-project/node_modules/gulp-cssnano/package.json
28 verbose installManyTop reading scoped package data from /home/smylydon/msc-project/node_modules/gulp-eslint/package.json
29 verbose installManyTop reading scoped package data from /home/smylydon/msc-project/node_modules/gulp-filter/package.json
30 verbose installManyTop reading scoped package data from /home/smylydon/msc-project/node_modules/gulp-imagemin/package.json
31 verbose installManyTop reading scoped package data from /home/smylydon/msc-project/node_modules/gulp-load-plugins/package.json
32 verbose installManyTop reading scoped package data from /home/smylydon/msc-project/node_modules/gulp-nodemon/package.json
33 verbose installManyTop reading scoped package data from /home/smylydon/msc-project/node_modules/gulp-plumber/package.json
34 verbose installManyTop reading scoped package data from /home/smylydon/msc-project/node_modules/gulp-print/package.json
35 verbose installManyTop reading scoped package data from /home/smylydon/msc-project/node_modules/gulp-rename/package.json
36 verbose installManyTop reading scoped package data from /home/smylydon/msc-project/node_modules/gulp-sass/package.json
37 verbose installManyTop reading scoped package data from /home/smylydon/msc-project/node_modules/gulp-sourcemaps/package.json
38 verbose installManyTop reading scoped package data from /home/smylydon/msc-project/node_modules/gulp-tap/package.json
39 verbose installManyTop reading scoped package data from /home/smylydon/msc-project/node_modules/gulp-task-listing/package.json
40 verbose installManyTop reading scoped package data from /home/smylydon/msc-project/node_modules/gulp-ttf2eot/package.json
41 verbose installManyTop reading scoped package data from /home/smylydon/msc-project/node_modules/gulp-ttf2woff/package.json
42 verbose installManyTop reading scoped package data from /home/smylydon/msc-project/node_modules/gulp-ttf2woff2/package.json
43 verbose installManyTop reading scoped package data from /home/smylydon/msc-project/node_modules/gulp-uglify/package.json
44 verbose installManyTop reading scoped package data from /home/smylydon/msc-project/node_modules/gulp-util/package.json
45 verbose installManyTop reading scoped package data from /home/smylydon/msc-project/node_modules/helmet/package.json
46 verbose installManyTop reading scoped package data from /home/smylydon/msc-project/node_modules/main-bower-files/package.json
47 verbose installManyTop reading scoped package data from /home/smylydon/msc-project/node_modules/mkdirp/package.json
48 verbose installManyTop reading scoped package data from /home/smylydon/msc-project/node_modules/redis/package.json
49 verbose installManyTop reading scoped package data from /home/smylydon/msc-project/node_modules/serve-favicon/package.json
50 verbose installManyTop reading scoped package data from /home/smylydon/msc-project/node_modules/socket.io/package.json
51 verbose installManyTop reading scoped package data from /home/smylydon/msc-project/node_modules/vinyl-fs/package.json
52 verbose installManyTop reading scoped package data from /home/smylydon/msc-project/node_modules/winston/package.json
53 info package.json gulp-rename@1.2.2 No license field.
54 info package.json gulp-task-listing@1.0.1 No license field.
55 info package.json gulp-ttf2woff@1.1.0 No license field.
56 verbose readDependencies loading dependencies from /home/smylydon/msc-project/package.json
57 verbose targetResolver reading package data from /home/smylydon/msc-project/node_modules/babel-core/package.json
58 verbose targetResolver reading package data from /home/smylydon/msc-project/node_modules/babel-eslint/package.json
59 verbose targetResolver reading package data from /home/smylydon/msc-project/node_modules/babel-preset-es2015/package.json
60 verbose targetResolver reading package data from /home/smylydon/msc-project/node_modules/baconjs/package.json
61 verbose targetResolver reading package data from /home/smylydon/msc-project/node_modules/body-parser/package.json
62 verbose targetResolver reading package data from /home/smylydon/msc-project/node_modules/bower/package.json
63 verbose targetResolver reading package data from /home/smylydon/msc-project/node_modules/compression/package.json
64 verbose targetResolver reading package data from /home/smylydon/msc-project/node_modules/cookie-parser/package.json
65 verbose targetResolver reading package data from /home/smylydon/msc-project/node_modules/del/package.json
66 verbose targetResolver reading package data from /home/smylydon/msc-project/node_modules/eslint/package.json
67 verbose targetResolver reading package data from /home/smylydon/msc-project/node_modules/express/package.json
68 verbose targetResolver reading package data from /home/smylydon/msc-project/node_modules/express-handlebars/package.json
69 verbose targetResolver reading package data from /home/smylydon/msc-project/node_modules/gulp/package.json
70 verbose targetResolver reading package data from /home/smylydon/msc-project/node_modules/gulp-autoprefixer/package.json
71 verbose targetResolver reading package data from /home/smylydon/msc-project/node_modules/gulp-babel/package.json
72 verbose targetResolver reading package data from /home/smylydon/msc-project/node_modules/gulp-cache/package.json
73 verbose targetResolver reading package data from /home/smylydon/msc-project/node_modules/gulp-changed/package.json
74 verbose targetResolver reading package data from /home/smylydon/msc-project/node_modules/gulp-concat/package.json
75 verbose targetResolver reading package data from /home/smylydon/msc-project/node_modules/gulp-cssnano/package.json
76 verbose targetResolver reading package data from /home/smylydon/msc-project/node_modules/gulp-eslint/package.json
77 verbose targetResolver reading package data from /home/smylydon/msc-project/node_modules/gulp-filter/package.json
78 verbose targetResolver reading package data from /home/smylydon/msc-project/node_modules/gulp-imagemin/package.json
79 verbose targetResolver reading package data from /home/smylydon/msc-project/node_modules/gulp-load-plugins/package.json
80 verbose targetResolver reading package data from /home/smylydon/msc-project/node_modules/gulp-nodemon/package.json
81 verbose targetResolver reading package data from /home/smylydon/msc-project/node_modules/gulp-plumber/package.json
82 verbose targetResolver reading package data from /home/smylydon/msc-project/node_modules/gulp-print/package.json
83 verbose targetResolver reading package data from /home/smylydon/msc-project/node_modules/gulp-rename/package.json
84 verbose targetResolver reading package data from /home/smylydon/msc-project/node_modules/gulp-sass/package.json
85 verbose targetResolver reading package data from /home/smylydon/msc-project/node_modules/gulp-sourcemaps/package.json
86 verbose targetResolver reading package data from /home/smylydon/msc-project/node_modules/gulp-tap/package.json
87 verbose targetResolver reading package data from /home/smylydon/msc-project/node_modules/gulp-task-listing/package.json
88 verbose targetResolver reading package data from /home/smylydon/msc-project/node_modules/gulp-ttf2eot/package.json
89 verbose targetResolver reading package data from /home/smylydon/msc-project/node_modules/gulp-ttf2woff/package.json
90 verbose targetResolver reading package data from /home/smylydon/msc-project/node_modules/gulp-ttf2woff2/package.json
91 verbose targetResolver reading package data from /home/smylydon/msc-project/node_modules/gulp-uglify/package.json
92 verbose targetResolver reading package data from /home/smylydon/msc-project/node_modules/gulp-util/package.json
93 verbose targetResolver reading package data from /home/smylydon/msc-project/node_modules/helmet/package.json
94 verbose targetResolver reading package data from /home/smylydon/msc-project/node_modules/main-bower-files/package.json
95 verbose targetResolver reading package data from /home/smylydon/msc-project/node_modules/mkdirp/package.json
96 verbose targetResolver reading package data from /home/smylydon/msc-project/node_modules/redis/package.json
97 verbose targetResolver reading package data from /home/smylydon/msc-project/node_modules/serve-favicon/package.json
98 verbose targetResolver reading package data from /home/smylydon/msc-project/node_modules/socket.io/package.json
99 verbose targetResolver reading package data from /home/smylydon/msc-project/node_modules/vinyl-fs/package.json
100 verbose targetResolver reading package data from /home/smylydon/msc-project/node_modules/winston/package.json
101 verbose targetResolver reading package data from /home/smylydon/msc-project/node_modules/.bin/bower/package.json
102 verbose targetResolver reading package data from /home/smylydon/msc-project/node_modules/.bin/eslint/package.json
103 verbose targetResolver reading package data from /home/smylydon/msc-project/node_modules/.bin/gulp/package.json
104 verbose targetResolver reading package data from /home/smylydon/msc-project/node_modules/.bin/mkdirp/package.json
105 verbose already installed skipping express-handlebars@^3.0.0 /home/smylydon/msc-project
106 verbose already installed skipping gulp@^3.9.1 /home/smylydon/msc-project
107 verbose already installed skipping gulp-autoprefixer@^3.1.0 /home/smylydon/msc-project
108 verbose already installed skipping gulp-babel@^6.1.2 /home/smylydon/msc-project
109 verbose already installed skipping gulp-cache@^0.4.5 /home/smylydon/msc-project
110 verbose already installed skipping gulp-changed@^1.3.0 /home/smylydon/msc-project
111 verbose already installed skipping gulp-concat@^2.6.0 /home/smylydon/msc-project
112 verbose already installed skipping gulp-cssnano@^2.1.2 /home/smylydon/msc-project
113 verbose already installed skipping gulp-eslint@^2.0.0 /home/smylydon/msc-project
114 verbose already installed skipping gulp-filter@^4.0.0 /home/smylydon/msc-project
115 verbose already installed skipping gulp-imagemin@^3.0.1 /home/smylydon/msc-project
116 verbose already installed skipping gulp-load-plugins@^1.2.4 /home/smylydon/msc-project
117 verbose already installed skipping gulp-nodemon@^2.1.0 /home/smylydon/msc-project
118 verbose already installed skipping gulp-plumber@^1.1.0 /home/smylydon/msc-project
119 verbose already installed skipping gulp-print@^2.0.1 /home/smylydon/msc-project
120 verbose already installed skipping gulp-rename@^1.2.2 /home/smylydon/msc-project
121 verbose already installed skipping gulp-sass@^2.3.2 /home/smylydon/msc-project
122 verbose already installed skipping gulp-sourcemaps@^1.6.0 /home/smylydon/msc-project
123 verbose already installed skipping gulp-tap@^0.1.3 /home/smylydon/msc-project
124 verbose already installed skipping gulp-task-listing@^1.0.1 /home/smylydon/msc-project
125 verbose already installed skipping gulp-ttf2eot@^1.1.1 /home/smylydon/msc-project
126 verbose already installed skipping gulp-ttf2woff@^1.1.0 /home/smylydon/msc-project
127 verbose already installed skipping gulp-ttf2woff2@^2.0.2 /home/smylydon/msc-project
128 verbose already installed skipping gulp-uglify@^1.5.3 /home/smylydon/msc-project
129 verbose already installed skipping gulp-util@^3.0.7 /home/smylydon/msc-project
130 verbose already installed skipping helmet@^2.1.1 /home/smylydon/msc-project
131 verbose already installed skipping main-bower-files@^2.13.1 /home/smylydon/msc-project
132 verbose already installed skipping mkdirp@^0.5.1 /home/smylydon/msc-project
133 verbose already installed skipping redis@^2.6.2 /home/smylydon/msc-project
134 verbose already installed skipping serve-favicon@^2.3.0 /home/smylydon/msc-project
135 verbose already installed skipping socket.io@^1.4.8 /home/smylydon/msc-project
136 verbose already installed skipping vinyl-fs@^2.4.3 /home/smylydon/msc-project
137 verbose already installed skipping winston@^2.2.0 /home/smylydon/msc-project
138 verbose already installed skipping babel-core@^6.10.4 /home/smylydon/msc-project
139 verbose already installed skipping babel-eslint@^6.0.5 /home/smylydon/msc-project
140 verbose already installed skipping babel-preset-es2015@^6.9.0 /home/smylydon/msc-project
141 verbose already installed skipping baconjs@^0.7.84 /home/smylydon/msc-project
142 verbose already installed skipping body-parser@^1.15.2 /home/smylydon/msc-project
143 verbose already installed skipping bower@^1.7.9 /home/smylydon/msc-project
144 verbose already installed skipping compression@^1.6.2 /home/smylydon/msc-project
145 verbose already installed skipping cookie-parser@^1.4.3 /home/smylydon/msc-project
146 verbose already installed skipping del@^2.2.1 /home/smylydon/msc-project
147 verbose already installed skipping eslint@^2.13.1 /home/smylydon/msc-project
148 verbose already installed skipping express@^4.14.0 /home/smylydon/msc-project
149 silly install resolved []
150 info build /home/smylydon/msc-project
151 info linkStuff msc-project@0.0.1
152 silly linkStuff msc-project@0.0.1 has /home/smylydon as its parent node_modules
153 verbose linkBins msc-project@0.0.1
154 verbose linkMans msc-project@0.0.1
155 verbose rebuildBundles msc-project@0.0.1
156 verbose rebuildBundles [ '.bin',
156 verbose rebuildBundles   'babel-core',
156 verbose rebuildBundles   'babel-eslint',
156 verbose rebuildBundles   'babel-preset-es2015',
156 verbose rebuildBundles   'baconjs',
156 verbose rebuildBundles   'body-parser',
156 verbose rebuildBundles   'bower',
156 verbose rebuildBundles   'compression',
156 verbose rebuildBundles   'cookie-parser',
156 verbose rebuildBundles   'del',
156 verbose rebuildBundles   'eslint',
156 verbose rebuildBundles   'express',
156 verbose rebuildBundles   'express-handlebars',
156 verbose rebuildBundles   'gulp',
156 verbose rebuildBundles   'gulp-autoprefixer',
156 verbose rebuildBundles   'gulp-babel',
156 verbose rebuildBundles   'gulp-cache',
156 verbose rebuildBundles   'gulp-changed',
156 verbose rebuildBundles   'gulp-concat',
156 verbose rebuildBundles   'gulp-cssnano',
156 verbose rebuildBundles   'gulp-eslint',
156 verbose rebuildBundles   'gulp-filter',
156 verbose rebuildBundles   'gulp-imagemin',
156 verbose rebuildBundles   'gulp-load-plugins',
156 verbose rebuildBundles   'gulp-nodemon',
156 verbose rebuildBundles   'gulp-plumber',
156 verbose rebuildBundles   'gulp-print',
156 verbose rebuildBundles   'gulp-rename',
156 verbose rebuildBundles   'gulp-sass',
156 verbose rebuildBundles   'gulp-sourcemaps',
156 verbose rebuildBundles   'gulp-tap',
156 verbose rebuildBundles   'gulp-task-listing',
156 verbose rebuildBundles   'gulp-ttf2eot',
156 verbose rebuildBundles   'gulp-ttf2woff',
156 verbose rebuildBundles   'gulp-ttf2woff2',
156 verbose rebuildBundles   'gulp-uglify',
156 verbose rebuildBundles   'gulp-util',
156 verbose rebuildBundles   'helmet',
156 verbose rebuildBundles   'main-bower-files',
156 verbose rebuildBundles   'mkdirp',
156 verbose rebuildBundles   'redis',
156 verbose rebuildBundles   'serve-favicon',
156 verbose rebuildBundles   'socket.io',
156 verbose rebuildBundles   'vinyl-fs',
156 verbose rebuildBundles   'winston' ]
157 info install msc-project@0.0.1
158 info postinstall msc-project@0.0.1
159 verbose unsafe-perm in lifecycle true
160 info msc-project@0.0.1 Failed to exec postinstall script
161 verbose stack Error: msc-project@0.0.1 postinstall: `./node_modules/bower/bin/bower install && gulp build`
161 verbose stack Exit status 1
161 verbose stack     at EventEmitter.<anonymous> (/usr/lib/node_modules/npm/lib/utils/lifecycle.js:217:16)
161 verbose stack     at emitTwo (events.js:87:13)
161 verbose stack     at EventEmitter.emit (events.js:172:7)
161 verbose stack     at ChildProcess.<anonymous> (/usr/lib/node_modules/npm/lib/utils/spawn.js:24:14)
161 verbose stack     at emitTwo (events.js:87:13)
161 verbose stack     at ChildProcess.emit (events.js:172:7)
161 verbose stack     at maybeClose (internal/child_process.js:829:16)
161 verbose stack     at Process.ChildProcess._handle.onexit (internal/child_process.js:211:5)
162 verbose pkgid msc-project@0.0.1
163 verbose cwd /home/smylydon/msc-project
164 error Linux 3.19.0-32-generic
165 error argv "/usr/bin/nodejs" "/usr/bin/npm" "install"
166 error node v4.6.0
167 error npm  v2.15.9
168 error code ELIFECYCLE
169 error msc-project@0.0.1 postinstall: `./node_modules/bower/bin/bower install && gulp build`
169 error Exit status 1
170 error Failed at the msc-project@0.0.1 postinstall script './node_modules/bower/bin/bower install && gulp build'.
170 error This is most likely a problem with the msc-project package,
170 error not with npm itself.
170 error Tell the author that this fails on your system:
170 error     ./node_modules/bower/bin/bower install && gulp build
170 error You can get information on how to open an issue for this project with:
170 error     npm bugs msc-project
170 error Or if that isn't available, you can get their info via:
170 error
170 error     npm owner ls msc-project
170 error There is likely additional logging output above.
171 verbose exit [ 1, true ]
